<?xml version="1.0" encoding="UTF-8"?>
<!-- Generated by org.testng.reporters.JUnitReportReporter -->
<testsuite skipped="0" hostname="DESKTOP-DK36137" name="com.leafBot.testcases.TC001_Login" tests="2" failures="0" timestamp="11 Aug 2019 10:52:52 GMT" time="15.554" errors="0">
  <testcase name="runLogin" time="8.660" classname="com.leafBot.testcases.TC001_Login"/>
  <testcase name="runLogin" time="6.894" classname="com.leafBot.testcases.TC001_Login"/>
</testsuite> <!-- com.leafBot.testcases.TC001_Login -->
